/*C12*/SET SCHEMA PUBLIC
INSERT INTO DOCUMENT_TABLE VALUES(20,FALSE,NULL,'2017-04-11 22:09:55.803000','/user/document',0,'Ideagen Brief','document')
COMMIT
DELETE FROM DOCUMENT_TABLE WHERE ID=20
INSERT INTO DOCUMENT_TABLE VALUES(20,FALSE,'deanAuthor','2017-04-11 22:09:55.803000','files/deanAuthor/20',0,'Ideagen Brief','document')
COMMIT
INSERT INTO DOCUMENT_TABLE VALUES(21,FALSE,NULL,'2017-04-11 22:10:26.083000','/user/document',0,'Class Diagram','document')
COMMIT
DELETE FROM DOCUMENT_TABLE WHERE ID=21
INSERT INTO DOCUMENT_TABLE VALUES(21,FALSE,'deanAuthor','2017-04-11 22:10:26.083000','files/deanAuthor/21',0,'Class Diagram','document')
COMMIT
DELETE FROM DOCUMENT_TABLE WHERE ID=20
INSERT INTO DOCUMENT_TABLE VALUES(20,TRUE,'deanAuthor','2017-04-11 22:09:55.803000','files/deanAuthor/20',0,'Ideagen Brief','document')
COMMIT
DELETE FROM DOCUMENT_TABLE WHERE ID=21
INSERT INTO DOCUMENT_TABLE VALUES(21,TRUE,'deanAuthor','2017-04-11 22:10:26.083000','files/deanAuthor/21',0,'Class Diagram','document')
COMMIT
INSERT INTO SHARE_TABLE VALUES(13,17,25,20,0,'share')
COMMIT
DELETE FROM USER WHERE ID=25
INSERT INTO USER VALUES(25,'Bob','$2a$10$T/CnUK9rkBlkNnt9bvwVlOQGTH8vy61juk0GjGIuNuQcT87hH2A2m','ROLE_AUTHOR','Demo','demoAuthor','user',TRUE)
COMMIT
INSERT INTO SHARE_TABLE VALUES(14,17,25,21,0,'share')
COMMIT
INSERT INTO SHARE_TABLE VALUES(15,17,26,21,0,'share')
COMMIT
INSERT INTO SHARE_TABLE VALUES(16,17,26,21,0,'share')
COMMIT
DELETE FROM USER WHERE ID=26
INSERT INTO USER VALUES(26,'Bob','$2a$10$P5HantRqSbdsP1QNT1lzXevsbsOrILksgJz83xlH26owxOQ.ru.9C','ROLE_DISTRIBUTEE','Demo','demoDistrib','user',FALSE)
COMMIT
